The system is: Linux - 2.6.32-431.el6.x86_64 - x86_64
Compiling the C compiler identification source file "CMakeCCompilerId.c" succeeded.
Compiler: /Share/system/openmpi-185/bin/mpicc 
Build flags: 
Id flags:  

The output was:
0


Compilation of the C compiler identification source "CMakeCCompilerId.c" produced "a.out"

The C compiler identification is GNU, found in "/Share/home/yli/Thunder/THUEM-refactor/Release/CMakeFiles/3.9.3/CompilerIdC/a.out"

Compiling the CXX compiler identification source file "CMakeCXXCompilerId.cpp" succeeded.
Compiler: /Share/system/openmpi-185/bin/mpicxx 
Build flags: 
Id flags:  

The output was:
0


Compilation of the CXX compiler identification source "CMakeCXXCompilerId.cpp" produced "a.out"

The CXX compiler identification is GNU, found in "/Share/home/yli/Thunder/THUEM-refactor/Release/CMakeFiles/3.9.3/CompilerIdCXX/a.out"

Determining if the C compiler works passed with the following output:
Change Dir: /Share/home/yli/Thunder/THUEM-refactor/Release/CMakeFiles/CMakeTmp

Run Build Command:"/usr/bin/gmake" "cmTC_a2cd1/fast"
/usr/bin/gmake -f CMakeFiles/cmTC_a2cd1.dir/build.make CMakeFiles/cmTC_a2cd1.dir/build
gmake[1]: Entering directory `/Share/home/yli/Thunder/THUEM-refactor/Release/CMakeFiles/CMakeTmp'
Building C object CMakeFiles/cmTC_a2cd1.dir/testCCompiler.c.o
/Share/system/openmpi-185/bin/mpicc    -o CMakeFiles/cmTC_a2cd1.dir/testCCompiler.c.o   -c /Share/home/yli/Thunder/THUEM-refactor/Release/CMakeFiles/CMakeTmp/testCCompiler.c
Linking C executable cmTC_a2cd1
/Share/home/yli/cmake/cmake-3.9.3/bin/cmake -E cmake_link_script CMakeFiles/cmTC_a2cd1.dir/link.txt --verbose=1
/Share/system/openmpi-185/bin/mpicc      -rdynamic CMakeFiles/cmTC_a2cd1.dir/testCCompiler.c.o  -o cmTC_a2cd1 
gmake[1]: Leaving directory `/Share/home/yli/Thunder/THUEM-refactor/Release/CMakeFiles/CMakeTmp'


Detecting C compiler ABI info compiled with the following output:
Change Dir: /Share/home/yli/Thunder/THUEM-refactor/Release/CMakeFiles/CMakeTmp

Run Build Command:"/usr/bin/gmake" "cmTC_7410f/fast"
/usr/bin/gmake -f CMakeFiles/cmTC_7410f.dir/build.make CMakeFiles/cmTC_7410f.dir/build
gmake[1]: Entering directory `/Share/home/yli/Thunder/THUEM-refactor/Release/CMakeFiles/CMakeTmp'
Building C object CMakeFiles/cmTC_7410f.dir/CMakeCCompilerABI.c.o
/Share/system/openmpi-185/bin/mpicc    -o CMakeFiles/cmTC_7410f.dir/CMakeCCompilerABI.c.o   -c /Share/home/yli/cmake/cmake-3.9.3/Modules/CMakeCCompilerABI.c
Linking C executable cmTC_7410f
/Share/home/yli/cmake/cmake-3.9.3/bin/cmake -E cmake_link_script CMakeFiles/cmTC_7410f.dir/link.txt --verbose=1
/Share/system/openmpi-185/bin/mpicc     -v -rdynamic CMakeFiles/cmTC_7410f.dir/CMakeCCompilerABI.c.o  -o cmTC_7410f 
Using built-in specs.
Target: x86_64-redhat-linux
Configured with: ../configure --prefix=/usr --mandir=/usr/share/man --infodir=/usr/share/info --with-bugurl=http://bugzilla.redhat.com/bugzilla --enable-bootstrap --enable-shared --enable-threads=posix --enable-checking=release --with-system-zlib --enable-__cxa_atexit --disable-libunwind-exceptions --enable-gnu-unique-object --enable-languages=c,c++,objc,obj-c++,java,fortran,ada --enable-java-awt=gtk --disable-dssi --with-java-home=/usr/lib/jvm/java-1.5.0-gcj-1.5.0.0/jre --enable-libgcj-multifile --enable-java-maintainer-mode --with-ecj-jar=/usr/share/java/eclipse-ecj.jar --disable-libjava-multilib --with-ppl --with-cloog --with-tune=generic --with-arch_32=i686 --build=x86_64-redhat-linux
Thread model: posix
gcc version 4.4.7 20120313 (Red Hat 4.4.7-4) (GCC) 
COMPILER_PATH=/usr/libexec/gcc/x86_64-redhat-linux/4.4.7/:/usr/libexec/gcc/x86_64-redhat-linux/4.4.7/:/usr/libexec/gcc/x86_64-redhat-linux/:/usr/lib/gcc/x86_64-redhat-linux/4.4.7/:/usr/lib/gcc/x86_64-redhat-linux/:/usr/libexec/gcc/x86_64-redhat-linux/4.4.7/:/usr/libexec/gcc/x86_64-redhat-linux/:/usr/lib/gcc/x86_64-redhat-linux/4.4.7/:/usr/lib/gcc/x86_64-redhat-linux/
LIBRARY_PATH=/usr/lib/gcc/x86_64-redhat-linux/4.4.7/:/usr/lib/gcc/x86_64-redhat-linux/4.4.7/:/usr/lib/gcc/x86_64-redhat-linux/4.4.7/../../../../lib64/:/lib/../lib64/:/usr/lib/../lib64/:/usr/lib/gcc/x86_64-redhat-linux/4.4.7/../../../:/lib/:/usr/lib/
COLLECT_GCC_OPTIONS='-v' '-rdynamic' '-o' 'cmTC_7410f' '-I/Share/system/openmpi-185/include' '-pthread' '-L/Share/system/openmpi-185/lib' '-mtune=generic'
 /usr/libexec/gcc/x86_64-redhat-linux/4.4.7/collect2 --eh-frame-hdr --build-id -m elf_x86_64 --hash-style=gnu -export-dynamic -dynamic-linker /lib64/ld-linux-x86-64.so.2 -o cmTC_7410f /usr/lib/gcc/x86_64-redhat-linux/4.4.7/../../../../lib64/crt1.o /usr/lib/gcc/x86_64-redhat-linux/4.4.7/../../../../lib64/crti.o /usr/lib/gcc/x86_64-redhat-linux/4.4.7/crtbegin.o -L/Share/system/openmpi-185/lib -L/usr/lib/gcc/x86_64-redhat-linux/4.4.7 -L/usr/lib/gcc/x86_64-redhat-linux/4.4.7 -L/usr/lib/gcc/x86_64-redhat-linux/4.4.7/../../../../lib64 -L/lib/../lib64 -L/usr/lib/../lib64 -L/usr/lib/gcc/x86_64-redhat-linux/4.4.7/../../.. CMakeFiles/cmTC_7410f.dir/CMakeCCompilerABI.c.o -rpath /Share/system/openmpi-185/lib --enable-new-dtags -lmpi -lgcc --as-needed -lgcc_s --no-as-needed -lpthread -lc -lgcc --as-needed -lgcc_s --no-as-needed /usr/lib/gcc/x86_64-redhat-linux/4.4.7/crtend.o /usr/lib/gcc/x86_64-redhat-linux/4.4.7/../../../../lib64/crtn.o
gmake[1]: Leaving directory `/Share/home/yli/Thunder/THUEM-refactor/Release/CMakeFiles/CMakeTmp'


Parsed C implicit link information from above output:
  link line regex: [^( *|.*[/\])(ld|CMAKE_LINK_STARTFILE-NOTFOUND|([^/\]+-)?ld|collect2)[^/\]*( |$)]
  ignore line: [Change Dir: /Share/home/yli/Thunder/THUEM-refactor/Release/CMakeFiles/CMakeTmp]
  ignore line: []
  ignore line: [Run Build Command:"/usr/bin/gmake" "cmTC_7410f/fast"]
  ignore line: [/usr/bin/gmake -f CMakeFiles/cmTC_7410f.dir/build.make CMakeFiles/cmTC_7410f.dir/build]
  ignore line: [gmake[1]: Entering directory `/Share/home/yli/Thunder/THUEM-refactor/Release/CMakeFiles/CMakeTmp']
  ignore line: [Building C object CMakeFiles/cmTC_7410f.dir/CMakeCCompilerABI.c.o]
  ignore line: [/Share/system/openmpi-185/bin/mpicc    -o CMakeFiles/cmTC_7410f.dir/CMakeCCompilerABI.c.o   -c /Share/home/yli/cmake/cmake-3.9.3/Modules/CMakeCCompilerABI.c]
  ignore line: [Linking C executable cmTC_7410f]
  ignore line: [/Share/home/yli/cmake/cmake-3.9.3/bin/cmake -E cmake_link_script CMakeFiles/cmTC_7410f.dir/link.txt --verbose=1]
  ignore line: [/Share/system/openmpi-185/bin/mpicc     -v -rdynamic CMakeFiles/cmTC_7410f.dir/CMakeCCompilerABI.c.o  -o cmTC_7410f ]
  ignore line: [Using built-in specs.]
  ignore line: [Target: x86_64-redhat-linux]
  ignore line: [Configured with: ../configure --prefix=/usr --mandir=/usr/share/man --infodir=/usr/share/info --with-bugurl=http://bugzilla.redhat.com/bugzilla --enable-bootstrap --enable-shared --enable-threads=posix --enable-checking=release --with-system-zlib --enable-__cxa_atexit --disable-libunwind-exceptions --enable-gnu-unique-object --enable-languages=c,c++,objc,obj-c++,java,fortran,ada --enable-java-awt=gtk --disable-dssi --with-java-home=/usr/lib/jvm/java-1.5.0-gcj-1.5.0.0/jre --enable-libgcj-multifile --enable-java-maintainer-mode --with-ecj-jar=/usr/share/java/eclipse-ecj.jar --disable-libjava-multilib --with-ppl --with-cloog --with-tune=generic --with-arch_32=i686 --build=x86_64-redhat-linux]
  ignore line: [Thread model: posix]
  ignore line: [gcc version 4.4.7 20120313 (Red Hat 4.4.7-4) (GCC) ]
  ignore line: [COMPILER_PATH=/usr/libexec/gcc/x86_64-redhat-linux/4.4.7/:/usr/libexec/gcc/x86_64-redhat-linux/4.4.7/:/usr/libexec/gcc/x86_64-redhat-linux/:/usr/lib/gcc/x86_64-redhat-linux/4.4.7/:/usr/lib/gcc/x86_64-redhat-linux/:/usr/libexec/gcc/x86_64-redhat-linux/4.4.7/:/usr/libexec/gcc/x86_64-redhat-linux/:/usr/lib/gcc/x86_64-redhat-linux/4.4.7/:/usr/lib/gcc/x86_64-redhat-linux/]
  ignore line: [LIBRARY_PATH=/usr/lib/gcc/x86_64-redhat-linux/4.4.7/:/usr/lib/gcc/x86_64-redhat-linux/4.4.7/:/usr/lib/gcc/x86_64-redhat-linux/4.4.7/../../../../lib64/:/lib/../lib64/:/usr/lib/../lib64/:/usr/lib/gcc/x86_64-redhat-linux/4.4.7/../../../:/lib/:/usr/lib/]
  ignore line: [COLLECT_GCC_OPTIONS='-v' '-rdynamic' '-o' 'cmTC_7410f' '-I/Share/system/openmpi-185/include' '-pthread' '-L/Share/system/openmpi-185/lib' '-mtune=generic']
  link line: [ /usr/libexec/gcc/x86_64-redhat-linux/4.4.7/collect2 --eh-frame-hdr --build-id -m elf_x86_64 --hash-style=gnu -export-dynamic -dynamic-linker /lib64/ld-linux-x86-64.so.2 -o cmTC_7410f /usr/lib/gcc/x86_64-redhat-linux/4.4.7/../../../../lib64/crt1.o /usr/lib/gcc/x86_64-redhat-linux/4.4.7/../../../../lib64/crti.o /usr/lib/gcc/x86_64-redhat-linux/4.4.7/crtbegin.o -L/Share/system/openmpi-185/lib -L/usr/lib/gcc/x86_64-redhat-linux/4.4.7 -L/usr/lib/gcc/x86_64-redhat-linux/4.4.7 -L/usr/lib/gcc/x86_64-redhat-linux/4.4.7/../../../../lib64 -L/lib/../lib64 -L/usr/lib/../lib64 -L/usr/lib/gcc/x86_64-redhat-linux/4.4.7/../../.. CMakeFiles/cmTC_7410f.dir/CMakeCCompilerABI.c.o -rpath /Share/system/openmpi-185/lib --enable-new-dtags -lmpi -lgcc --as-needed -lgcc_s --no-as-needed -lpthread -lc -lgcc --as-needed -lgcc_s --no-as-needed /usr/lib/gcc/x86_64-redhat-linux/4.4.7/crtend.o /usr/lib/gcc/x86_64-redhat-linux/4.4.7/../../../../lib64/crtn.o]
    arg [/usr/libexec/gcc/x86_64-redhat-linux/4.4.7/collect2] ==> ignore
    arg [--eh-frame-hdr] ==> ignore
    arg [--build-id] ==> ignore
    arg [-m] ==> ignore
    arg [elf_x86_64] ==> ignore
    arg [--hash-style=gnu] ==> ignore
    arg [-export-dynamic] ==> ignore
    arg [-dynamic-linker] ==> ignore
    arg [/lib64/ld-linux-x86-64.so.2] ==> ignore
    arg [-o] ==> ignore
    arg [cmTC_7410f] ==> ignore
    arg [/usr/lib/gcc/x86_64-redhat-linux/4.4.7/../../../../lib64/crt1.o] ==> ignore
    arg [/usr/lib/gcc/x86_64-redhat-linux/4.4.7/../../../../lib64/crti.o] ==> ignore
    arg [/usr/lib/gcc/x86_64-redhat-linux/4.4.7/crtbegin.o] ==> ignore
    arg [-L/Share/system/openmpi-185/lib] ==> dir [/Share/system/openmpi-185/lib]
    arg [-L/usr/lib/gcc/x86_64-redhat-linux/4.4.7] ==> dir [/usr/lib/gcc/x86_64-redhat-linux/4.4.7]
    arg [-L/usr/lib/gcc/x86_64-redhat-linux/4.4.7] ==> dir [/usr/lib/gcc/x86_64-redhat-linux/4.4.7]
    arg [-L/usr/lib/gcc/x86_64-redhat-linux/4.4.7/../../../../lib64] ==> dir [/usr/lib/gcc/x86_64-redhat-linux/4.4.7/../../../../lib64]
    arg [-L/lib/../lib64] ==> dir [/lib/../lib64]
    arg [-L/usr/lib/../lib64] ==> dir [/usr/lib/../lib64]
    arg [-L/usr/lib/gcc/x86_64-redhat-linux/4.4.7/../../..] ==> dir [/usr/lib/gcc/x86_64-redhat-linux/4.4.7/../../..]
    arg [CMakeFiles/cmTC_7410f.dir/CMakeCCompilerABI.c.o] ==> ignore
    arg [-rpath] ==> ignore
    arg [/Share/system/openmpi-185/lib] ==> ignore
    arg [--enable-new-dtags] ==> ignore
    arg [-lmpi] ==> lib [mpi]
    arg [-lgcc] ==> lib [gcc]
    arg [--as-needed] ==> ignore
    arg [-lgcc_s] ==> lib [gcc_s]
    arg [--no-as-needed] ==> ignore
    arg [-lpthread] ==> lib [pthread]
    arg [-lc] ==> lib [c]
    arg [-lgcc] ==> lib [gcc]
    arg [--as-needed] ==> ignore
    arg [-lgcc_s] ==> lib [gcc_s]
    arg [--no-as-needed] ==> ignore
    arg [/usr/lib/gcc/x86_64-redhat-linux/4.4.7/crtend.o] ==> ignore
    arg [/usr/lib/gcc/x86_64-redhat-linux/4.4.7/../../../../lib64/crtn.o] ==> ignore
  collapse library dir [/Share/system/openmpi-185/lib] ==> [/Share/system/openmpi-185/lib]
  collapse library dir [/usr/lib/gcc/x86_64-redhat-linux/4.4.7] ==> [/usr/lib/gcc/x86_64-redhat-linux/4.4.7]
  collapse library dir [/usr/lib/gcc/x86_64-redhat-linux/4.4.7] ==> [/usr/lib/gcc/x86_64-redhat-linux/4.4.7]
  collapse library dir [/usr/lib/gcc/x86_64-redhat-linux/4.4.7/../../../../lib64] ==> [/usr/lib64]
  collapse library dir [/lib/../lib64] ==> [/lib64]
  collapse library dir [/usr/lib/../lib64] ==> [/usr/lib64]
  collapse library dir [/usr/lib/gcc/x86_64-redhat-linux/4.4.7/../../..] ==> [/usr/lib]
  implicit libs: [mpi;gcc;gcc_s;pthread;c;gcc;gcc_s]
  implicit dirs: [/Share/system/openmpi-185/lib;/usr/lib/gcc/x86_64-redhat-linux/4.4.7;/usr/lib64;/lib64;/usr/lib]
  implicit fwks: []




Detecting C [-std=c99] compiler features compiled with the following output:
Change Dir: /Share/home/yli/Thunder/THUEM-refactor/Release/CMakeFiles/CMakeTmp

Run Build Command:"/usr/bin/gmake" "cmTC_828d8/fast"
/usr/bin/gmake -f CMakeFiles/cmTC_828d8.dir/build.make CMakeFiles/cmTC_828d8.dir/build
gmake[1]: Entering directory `/Share/home/yli/Thunder/THUEM-refactor/Release/CMakeFiles/CMakeTmp'
Building C object CMakeFiles/cmTC_828d8.dir/feature_tests.c.o
/Share/system/openmpi-185/bin/mpicc   -std=c99 -o CMakeFiles/cmTC_828d8.dir/feature_tests.c.o   -c /Share/home/yli/Thunder/THUEM-refactor/Release/CMakeFiles/feature_tests.c
Linking C executable cmTC_828d8
/Share/home/yli/cmake/cmake-3.9.3/bin/cmake -E cmake_link_script CMakeFiles/cmTC_828d8.dir/link.txt --verbose=1
/Share/system/openmpi-185/bin/mpicc      -rdynamic CMakeFiles/cmTC_828d8.dir/feature_tests.c.o  -o cmTC_828d8 
gmake[1]: Leaving directory `/Share/home/yli/Thunder/THUEM-refactor/Release/CMakeFiles/CMakeTmp'


    Feature record: C_FEATURE:1c_function_prototypes
    Feature record: C_FEATURE:1c_restrict
    Feature record: C_FEATURE:0c_static_assert
    Feature record: C_FEATURE:1c_variadic_macros


Detecting C [-std=c89] compiler features compiled with the following output:
Change Dir: /Share/home/yli/Thunder/THUEM-refactor/Release/CMakeFiles/CMakeTmp

Run Build Command:"/usr/bin/gmake" "cmTC_14068/fast"
/usr/bin/gmake -f CMakeFiles/cmTC_14068.dir/build.make CMakeFiles/cmTC_14068.dir/build
gmake[1]: Entering directory `/Share/home/yli/Thunder/THUEM-refactor/Release/CMakeFiles/CMakeTmp'
Building C object CMakeFiles/cmTC_14068.dir/feature_tests.c.o
/Share/system/openmpi-185/bin/mpicc   -std=c89 -o CMakeFiles/cmTC_14068.dir/feature_tests.c.o   -c /Share/home/yli/Thunder/THUEM-refactor/Release/CMakeFiles/feature_tests.c
Linking C executable cmTC_14068
/Share/home/yli/cmake/cmake-3.9.3/bin/cmake -E cmake_link_script CMakeFiles/cmTC_14068.dir/link.txt --verbose=1
/Share/system/openmpi-185/bin/mpicc      -rdynamic CMakeFiles/cmTC_14068.dir/feature_tests.c.o  -o cmTC_14068 
gmake[1]: Leaving directory `/Share/home/yli/Thunder/THUEM-refactor/Release/CMakeFiles/CMakeTmp'


    Feature record: C_FEATURE:1c_function_prototypes
    Feature record: C_FEATURE:0c_restrict
    Feature record: C_FEATURE:0c_static_assert
    Feature record: C_FEATURE:0c_variadic_macros
Determining if the CXX compiler works passed with the following output:
Change Dir: /Share/home/yli/Thunder/THUEM-refactor/Release/CMakeFiles/CMakeTmp

Run Build Command:"/usr/bin/gmake" "cmTC_5e5c7/fast"
/usr/bin/gmake -f CMakeFiles/cmTC_5e5c7.dir/build.make CMakeFiles/cmTC_5e5c7.dir/build
gmake[1]: Entering directory `/Share/home/yli/Thunder/THUEM-refactor/Release/CMakeFiles/CMakeTmp'
Building CXX object CMakeFiles/cmTC_5e5c7.dir/testCXXCompiler.cxx.o
/Share/system/openmpi-185/bin/mpicxx     -o CMakeFiles/cmTC_5e5c7.dir/testCXXCompiler.cxx.o -c /Share/home/yli/Thunder/THUEM-refactor/Release/CMakeFiles/CMakeTmp/testCXXCompiler.cxx
Linking CXX executable cmTC_5e5c7
/Share/home/yli/cmake/cmake-3.9.3/bin/cmake -E cmake_link_script CMakeFiles/cmTC_5e5c7.dir/link.txt --verbose=1
/Share/system/openmpi-185/bin/mpicxx       -rdynamic CMakeFiles/cmTC_5e5c7.dir/testCXXCompiler.cxx.o  -o cmTC_5e5c7 
gmake[1]: Leaving directory `/Share/home/yli/Thunder/THUEM-refactor/Release/CMakeFiles/CMakeTmp'


Detecting CXX compiler ABI info compiled with the following output:
Change Dir: /Share/home/yli/Thunder/THUEM-refactor/Release/CMakeFiles/CMakeTmp

Run Build Command:"/usr/bin/gmake" "cmTC_4590d/fast"
/usr/bin/gmake -f CMakeFiles/cmTC_4590d.dir/build.make CMakeFiles/cmTC_4590d.dir/build
gmake[1]: Entering directory `/Share/home/yli/Thunder/THUEM-refactor/Release/CMakeFiles/CMakeTmp'
Building CXX object CMakeFiles/cmTC_4590d.dir/CMakeCXXCompilerABI.cpp.o
/Share/system/openmpi-185/bin/mpicxx     -o CMakeFiles/cmTC_4590d.dir/CMakeCXXCompilerABI.cpp.o -c /Share/home/yli/cmake/cmake-3.9.3/Modules/CMakeCXXCompilerABI.cpp
Linking CXX executable cmTC_4590d
/Share/home/yli/cmake/cmake-3.9.3/bin/cmake -E cmake_link_script CMakeFiles/cmTC_4590d.dir/link.txt --verbose=1
/Share/system/openmpi-185/bin/mpicxx      -v -rdynamic CMakeFiles/cmTC_4590d.dir/CMakeCXXCompilerABI.cpp.o  -o cmTC_4590d 
Using built-in specs.
Target: x86_64-redhat-linux
Configured with: ../configure --prefix=/usr --mandir=/usr/share/man --infodir=/usr/share/info --with-bugurl=http://bugzilla.redhat.com/bugzilla --enable-bootstrap --enable-shared --enable-threads=posix --enable-checking=release --with-system-zlib --enable-__cxa_atexit --disable-libunwind-exceptions --enable-gnu-unique-object --enable-languages=c,c++,objc,obj-c++,java,fortran,ada --enable-java-awt=gtk --disable-dssi --with-java-home=/usr/lib/jvm/java-1.5.0-gcj-1.5.0.0/jre --enable-libgcj-multifile --enable-java-maintainer-mode --with-ecj-jar=/usr/share/java/eclipse-ecj.jar --disable-libjava-multilib --with-ppl --with-cloog --with-tune=generic --with-arch_32=i686 --build=x86_64-redhat-linux
Thread model: posix
gcc version 4.4.7 20120313 (Red Hat 4.4.7-4) (GCC) 
COMPILER_PATH=/usr/libexec/gcc/x86_64-redhat-linux/4.4.7/:/usr/libexec/gcc/x86_64-redhat-linux/4.4.7/:/usr/libexec/gcc/x86_64-redhat-linux/:/usr/lib/gcc/x86_64-redhat-linux/4.4.7/:/usr/lib/gcc/x86_64-redhat-linux/:/usr/libexec/gcc/x86_64-redhat-linux/4.4.7/:/usr/libexec/gcc/x86_64-redhat-linux/:/usr/lib/gcc/x86_64-redhat-linux/4.4.7/:/usr/lib/gcc/x86_64-redhat-linux/
LIBRARY_PATH=/usr/lib/gcc/x86_64-redhat-linux/4.4.7/:/usr/lib/gcc/x86_64-redhat-linux/4.4.7/:/usr/lib/gcc/x86_64-redhat-linux/4.4.7/../../../../lib64/:/lib/../lib64/:/usr/lib/../lib64/:/usr/lib/gcc/x86_64-redhat-linux/4.4.7/../../../:/lib/:/usr/lib/
COLLECT_GCC_OPTIONS='-v' '-rdynamic' '-o' 'cmTC_4590d' '-I/Share/system/openmpi-185/include' '-pthread' '-L/Share/system/openmpi-185/lib' '-shared-libgcc' '-mtune=generic'
 /usr/libexec/gcc/x86_64-redhat-linux/4.4.7/collect2 --eh-frame-hdr --build-id -m elf_x86_64 --hash-style=gnu -export-dynamic -dynamic-linker /lib64/ld-linux-x86-64.so.2 -o cmTC_4590d /usr/lib/gcc/x86_64-redhat-linux/4.4.7/../../../../lib64/crt1.o /usr/lib/gcc/x86_64-redhat-linux/4.4.7/../../../../lib64/crti.o /usr/lib/gcc/x86_64-redhat-linux/4.4.7/crtbegin.o -L/Share/system/openmpi-185/lib -L/usr/lib/gcc/x86_64-redhat-linux/4.4.7 -L/usr/lib/gcc/x86_64-redhat-linux/4.4.7 -L/usr/lib/gcc/x86_64-redhat-linux/4.4.7/../../../../lib64 -L/lib/../lib64 -L/usr/lib/../lib64 -L/usr/lib/gcc/x86_64-redhat-linux/4.4.7/../../.. CMakeFiles/cmTC_4590d.dir/CMakeCXXCompilerABI.cpp.o -rpath /Share/system/openmpi-185/lib --enable-new-dtags -lmpi_cxx -lmpi -lstdc++ -lm -lgcc_s -lgcc -lpthread -lc -lgcc_s -lgcc /usr/lib/gcc/x86_64-redhat-linux/4.4.7/crtend.o /usr/lib/gcc/x86_64-redhat-linux/4.4.7/../../../../lib64/crtn.o
gmake[1]: Leaving directory `/Share/home/yli/Thunder/THUEM-refactor/Release/CMakeFiles/CMakeTmp'


Parsed CXX implicit link information from above output:
  link line regex: [^( *|.*[/\])(ld|CMAKE_LINK_STARTFILE-NOTFOUND|([^/\]+-)?ld|collect2)[^/\]*( |$)]
  ignore line: [Change Dir: /Share/home/yli/Thunder/THUEM-refactor/Release/CMakeFiles/CMakeTmp]
  ignore line: []
  ignore line: [Run Build Command:"/usr/bin/gmake" "cmTC_4590d/fast"]
  ignore line: [/usr/bin/gmake -f CMakeFiles/cmTC_4590d.dir/build.make CMakeFiles/cmTC_4590d.dir/build]
  ignore line: [gmake[1]: Entering directory `/Share/home/yli/Thunder/THUEM-refactor/Release/CMakeFiles/CMakeTmp']
  ignore line: [Building CXX object CMakeFiles/cmTC_4590d.dir/CMakeCXXCompilerABI.cpp.o]
  ignore line: [/Share/system/openmpi-185/bin/mpicxx     -o CMakeFiles/cmTC_4590d.dir/CMakeCXXCompilerABI.cpp.o -c /Share/home/yli/cmake/cmake-3.9.3/Modules/CMakeCXXCompilerABI.cpp]
  ignore line: [Linking CXX executable cmTC_4590d]
  ignore line: [/Share/home/yli/cmake/cmake-3.9.3/bin/cmake -E cmake_link_script CMakeFiles/cmTC_4590d.dir/link.txt --verbose=1]
  ignore line: [/Share/system/openmpi-185/bin/mpicxx      -v -rdynamic CMakeFiles/cmTC_4590d.dir/CMakeCXXCompilerABI.cpp.o  -o cmTC_4590d ]
  ignore line: [Using built-in specs.]
  ignore line: [Target: x86_64-redhat-linux]
  ignore line: [Configured with: ../configure --prefix=/usr --mandir=/usr/share/man --infodir=/usr/share/info --with-bugurl=http://bugzilla.redhat.com/bugzilla --enable-bootstrap --enable-shared --enable-threads=posix --enable-checking=release --with-system-zlib --enable-__cxa_atexit --disable-libunwind-exceptions --enable-gnu-unique-object --enable-languages=c,c++,objc,obj-c++,java,fortran,ada --enable-java-awt=gtk --disable-dssi --with-java-home=/usr/lib/jvm/java-1.5.0-gcj-1.5.0.0/jre --enable-libgcj-multifile --enable-java-maintainer-mode --with-ecj-jar=/usr/share/java/eclipse-ecj.jar --disable-libjava-multilib --with-ppl --with-cloog --with-tune=generic --with-arch_32=i686 --build=x86_64-redhat-linux]
  ignore line: [Thread model: posix]
  ignore line: [gcc version 4.4.7 20120313 (Red Hat 4.4.7-4) (GCC) ]
  ignore line: [COMPILER_PATH=/usr/libexec/gcc/x86_64-redhat-linux/4.4.7/:/usr/libexec/gcc/x86_64-redhat-linux/4.4.7/:/usr/libexec/gcc/x86_64-redhat-linux/:/usr/lib/gcc/x86_64-redhat-linux/4.4.7/:/usr/lib/gcc/x86_64-redhat-linux/:/usr/libexec/gcc/x86_64-redhat-linux/4.4.7/:/usr/libexec/gcc/x86_64-redhat-linux/:/usr/lib/gcc/x86_64-redhat-linux/4.4.7/:/usr/lib/gcc/x86_64-redhat-linux/]
  ignore line: [LIBRARY_PATH=/usr/lib/gcc/x86_64-redhat-linux/4.4.7/:/usr/lib/gcc/x86_64-redhat-linux/4.4.7/:/usr/lib/gcc/x86_64-redhat-linux/4.4.7/../../../../lib64/:/lib/../lib64/:/usr/lib/../lib64/:/usr/lib/gcc/x86_64-redhat-linux/4.4.7/../../../:/lib/:/usr/lib/]
  ignore line: [COLLECT_GCC_OPTIONS='-v' '-rdynamic' '-o' 'cmTC_4590d' '-I/Share/system/openmpi-185/include' '-pthread' '-L/Share/system/openmpi-185/lib' '-shared-libgcc' '-mtune=generic']
  link line: [ /usr/libexec/gcc/x86_64-redhat-linux/4.4.7/collect2 --eh-frame-hdr --build-id -m elf_x86_64 --hash-style=gnu -export-dynamic -dynamic-linker /lib64/ld-linux-x86-64.so.2 -o cmTC_4590d /usr/lib/gcc/x86_64-redhat-linux/4.4.7/../../../../lib64/crt1.o /usr/lib/gcc/x86_64-redhat-linux/4.4.7/../../../../lib64/crti.o /usr/lib/gcc/x86_64-redhat-linux/4.4.7/crtbegin.o -L/Share/system/openmpi-185/lib -L/usr/lib/gcc/x86_64-redhat-linux/4.4.7 -L/usr/lib/gcc/x86_64-redhat-linux/4.4.7 -L/usr/lib/gcc/x86_64-redhat-linux/4.4.7/../../../../lib64 -L/lib/../lib64 -L/usr/lib/../lib64 -L/usr/lib/gcc/x86_64-redhat-linux/4.4.7/../../.. CMakeFiles/cmTC_4590d.dir/CMakeCXXCompilerABI.cpp.o -rpath /Share/system/openmpi-185/lib --enable-new-dtags -lmpi_cxx -lmpi -lstdc++ -lm -lgcc_s -lgcc -lpthread -lc -lgcc_s -lgcc /usr/lib/gcc/x86_64-redhat-linux/4.4.7/crtend.o /usr/lib/gcc/x86_64-redhat-linux/4.4.7/../../../../lib64/crtn.o]
    arg [/usr/libexec/gcc/x86_64-redhat-linux/4.4.7/collect2] ==> ignore
    arg [--eh-frame-hdr] ==> ignore
    arg [--build-id] ==> ignore
    arg [-m] ==> ignore
    arg [elf_x86_64] ==> ignore
    arg [--hash-style=gnu] ==> ignore
    arg [-export-dynamic] ==> ignore
    arg [-dynamic-linker] ==> ignore
    arg [/lib64/ld-linux-x86-64.so.2] ==> ignore
    arg [-o] ==> ignore
    arg [cmTC_4590d] ==> ignore
    arg [/usr/lib/gcc/x86_64-redhat-linux/4.4.7/../../../../lib64/crt1.o] ==> ignore
    arg [/usr/lib/gcc/x86_64-redhat-linux/4.4.7/../../../../lib64/crti.o] ==> ignore
    arg [/usr/lib/gcc/x86_64-redhat-linux/4.4.7/crtbegin.o] ==> ignore
    arg [-L/Share/system/openmpi-185/lib] ==> dir [/Share/system/openmpi-185/lib]
    arg [-L/usr/lib/gcc/x86_64-redhat-linux/4.4.7] ==> dir [/usr/lib/gcc/x86_64-redhat-linux/4.4.7]
    arg [-L/usr/lib/gcc/x86_64-redhat-linux/4.4.7] ==> dir [/usr/lib/gcc/x86_64-redhat-linux/4.4.7]
    arg [-L/usr/lib/gcc/x86_64-redhat-linux/4.4.7/../../../../lib64] ==> dir [/usr/lib/gcc/x86_64-redhat-linux/4.4.7/../../../../lib64]
    arg [-L/lib/../lib64] ==> dir [/lib/../lib64]
    arg [-L/usr/lib/../lib64] ==> dir [/usr/lib/../lib64]
    arg [-L/usr/lib/gcc/x86_64-redhat-linux/4.4.7/../../..] ==> dir [/usr/lib/gcc/x86_64-redhat-linux/4.4.7/../../..]
    arg [CMakeFiles/cmTC_4590d.dir/CMakeCXXCompilerABI.cpp.o] ==> ignore
    arg [-rpath] ==> ignore
    arg [/Share/system/openmpi-185/lib] ==> ignore
    arg [--enable-new-dtags] ==> ignore
    arg [-lmpi_cxx] ==> lib [mpi_cxx]
    arg [-lmpi] ==> lib [mpi]
    arg [-lstdc++] ==> lib [stdc++]
    arg [-lm] ==> lib [m]
    arg [-lgcc_s] ==> lib [gcc_s]
    arg [-lgcc] ==> lib [gcc]
    arg [-lpthread] ==> lib [pthread]
    arg [-lc] ==> lib [c]
    arg [-lgcc_s] ==> lib [gcc_s]
    arg [-lgcc] ==> lib [gcc]
    arg [/usr/lib/gcc/x86_64-redhat-linux/4.4.7/crtend.o] ==> ignore
    arg [/usr/lib/gcc/x86_64-redhat-linux/4.4.7/../../../../lib64/crtn.o] ==> ignore
  collapse library dir [/Share/system/openmpi-185/lib] ==> [/Share/system/openmpi-185/lib]
  collapse library dir [/usr/lib/gcc/x86_64-redhat-linux/4.4.7] ==> [/usr/lib/gcc/x86_64-redhat-linux/4.4.7]
  collapse library dir [/usr/lib/gcc/x86_64-redhat-linux/4.4.7] ==> [/usr/lib/gcc/x86_64-redhat-linux/4.4.7]
  collapse library dir [/usr/lib/gcc/x86_64-redhat-linux/4.4.7/../../../../lib64] ==> [/usr/lib64]
  collapse library dir [/lib/../lib64] ==> [/lib64]
  collapse library dir [/usr/lib/../lib64] ==> [/usr/lib64]
  collapse library dir [/usr/lib/gcc/x86_64-redhat-linux/4.4.7/../../..] ==> [/usr/lib]
  implicit libs: [mpi_cxx;mpi;stdc++;m;gcc_s;gcc;pthread;c;gcc_s;gcc]
  implicit dirs: [/Share/system/openmpi-185/lib;/usr/lib/gcc/x86_64-redhat-linux/4.4.7;/usr/lib64;/lib64;/usr/lib]
  implicit fwks: []




Detecting CXX [-std=c++0x] compiler features compiled with the following output:
Change Dir: /Share/home/yli/Thunder/THUEM-refactor/Release/CMakeFiles/CMakeTmp

Run Build Command:"/usr/bin/gmake" "cmTC_a3fed/fast"
/usr/bin/gmake -f CMakeFiles/cmTC_a3fed.dir/build.make CMakeFiles/cmTC_a3fed.dir/build
gmake[1]: Entering directory `/Share/home/yli/Thunder/THUEM-refactor/Release/CMakeFiles/CMakeTmp'
Building CXX object CMakeFiles/cmTC_a3fed.dir/feature_tests.cxx.o
/Share/system/openmpi-185/bin/mpicxx    -std=c++0x -o CMakeFiles/cmTC_a3fed.dir/feature_tests.cxx.o -c /Share/home/yli/Thunder/THUEM-refactor/Release/CMakeFiles/feature_tests.cxx
Linking CXX executable cmTC_a3fed
/Share/home/yli/cmake/cmake-3.9.3/bin/cmake -E cmake_link_script CMakeFiles/cmTC_a3fed.dir/link.txt --verbose=1
/Share/system/openmpi-185/bin/mpicxx       -rdynamic CMakeFiles/cmTC_a3fed.dir/feature_tests.cxx.o  -o cmTC_a3fed 
gmake[1]: Leaving directory `/Share/home/yli/Thunder/THUEM-refactor/Release/CMakeFiles/CMakeTmp'


    Feature record: CXX_FEATURE:0cxx_aggregate_default_initializers
    Feature record: CXX_FEATURE:0cxx_alias_templates
    Feature record: CXX_FEATURE:0cxx_alignas
    Feature record: CXX_FEATURE:0cxx_alignof
    Feature record: CXX_FEATURE:0cxx_attributes
    Feature record: CXX_FEATURE:0cxx_attribute_deprecated
    Feature record: CXX_FEATURE:1cxx_auto_type
    Feature record: CXX_FEATURE:0cxx_binary_literals
    Feature record: CXX_FEATURE:0cxx_constexpr
    Feature record: CXX_FEATURE:0cxx_contextual_conversions
    Feature record: CXX_FEATURE:1cxx_decltype
    Feature record: CXX_FEATURE:0cxx_decltype_auto
    Feature record: CXX_FEATURE:0cxx_decltype_incomplete_return_types
    Feature record: CXX_FEATURE:1cxx_default_function_template_args
    Feature record: CXX_FEATURE:1cxx_defaulted_functions
    Feature record: CXX_FEATURE:0cxx_defaulted_move_initializers
    Feature record: CXX_FEATURE:0cxx_delegating_constructors
    Feature record: CXX_FEATURE:1cxx_deleted_functions
    Feature record: CXX_FEATURE:0cxx_digit_separators
    Feature record: CXX_FEATURE:0cxx_enum_forward_declarations
    Feature record: CXX_FEATURE:0cxx_explicit_conversions
    Feature record: CXX_FEATURE:0cxx_extended_friend_declarations
    Feature record: CXX_FEATURE:1cxx_extern_templates
    Feature record: CXX_FEATURE:0cxx_final
    Feature record: CXX_FEATURE:1cxx_func_identifier
    Feature record: CXX_FEATURE:1cxx_generalized_initializers
    Feature record: CXX_FEATURE:0cxx_generic_lambdas
    Feature record: CXX_FEATURE:0cxx_inheriting_constructors
    Feature record: CXX_FEATURE:1cxx_inline_namespaces
    Feature record: CXX_FEATURE:0cxx_lambdas
    Feature record: CXX_FEATURE:0cxx_lambda_init_captures
    Feature record: CXX_FEATURE:0cxx_local_type_template_args
    Feature record: CXX_FEATURE:1cxx_long_long_type
    Feature record: CXX_FEATURE:0cxx_noexcept
    Feature record: CXX_FEATURE:0cxx_nonstatic_member_init
    Feature record: CXX_FEATURE:0cxx_nullptr
    Feature record: CXX_FEATURE:0cxx_override
    Feature record: CXX_FEATURE:0cxx_range_for
    Feature record: CXX_FEATURE:0cxx_raw_string_literals
    Feature record: CXX_FEATURE:0cxx_reference_qualified_functions
    Feature record: CXX_FEATURE:0cxx_relaxed_constexpr
    Feature record: CXX_FEATURE:0cxx_return_type_deduction
    Feature record: CXX_FEATURE:1cxx_right_angle_brackets
    Feature record: CXX_FEATURE:1cxx_rvalue_references
    Feature record: CXX_FEATURE:1cxx_sizeof_member
    Feature record: CXX_FEATURE:1cxx_static_assert
    Feature record: CXX_FEATURE:1cxx_strong_enums
    Feature record: CXX_FEATURE:1cxx_template_template_parameters
    Feature record: CXX_FEATURE:0cxx_thread_local
    Feature record: CXX_FEATURE:1cxx_trailing_return_types
    Feature record: CXX_FEATURE:1cxx_unicode_literals
    Feature record: CXX_FEATURE:1cxx_uniform_initialization
    Feature record: CXX_FEATURE:0cxx_unrestricted_unions
    Feature record: CXX_FEATURE:0cxx_user_literals
    Feature record: CXX_FEATURE:0cxx_variable_templates
    Feature record: CXX_FEATURE:1cxx_variadic_macros
    Feature record: CXX_FEATURE:1cxx_variadic_templates


Detecting CXX [-std=c++98] compiler features compiled with the following output:
Change Dir: /Share/home/yli/Thunder/THUEM-refactor/Release/CMakeFiles/CMakeTmp

Run Build Command:"/usr/bin/gmake" "cmTC_012fb/fast"
/usr/bin/gmake -f CMakeFiles/cmTC_012fb.dir/build.make CMakeFiles/cmTC_012fb.dir/build
gmake[1]: Entering directory `/Share/home/yli/Thunder/THUEM-refactor/Release/CMakeFiles/CMakeTmp'
Building CXX object CMakeFiles/cmTC_012fb.dir/feature_tests.cxx.o
/Share/system/openmpi-185/bin/mpicxx    -std=c++98 -o CMakeFiles/cmTC_012fb.dir/feature_tests.cxx.o -c /Share/home/yli/Thunder/THUEM-refactor/Release/CMakeFiles/feature_tests.cxx
Linking CXX executable cmTC_012fb
/Share/home/yli/cmake/cmake-3.9.3/bin/cmake -E cmake_link_script CMakeFiles/cmTC_012fb.dir/link.txt --verbose=1
/Share/system/openmpi-185/bin/mpicxx       -rdynamic CMakeFiles/cmTC_012fb.dir/feature_tests.cxx.o  -o cmTC_012fb 
gmake[1]: Leaving directory `/Share/home/yli/Thunder/THUEM-refactor/Release/CMakeFiles/CMakeTmp'


    Feature record: CXX_FEATURE:0cxx_aggregate_default_initializers
    Feature record: CXX_FEATURE:0cxx_alias_templates
    Feature record: CXX_FEATURE:0cxx_alignas
    Feature record: CXX_FEATURE:0cxx_alignof
    Feature record: CXX_FEATURE:0cxx_attributes
    Feature record: CXX_FEATURE:0cxx_attribute_deprecated
    Feature record: CXX_FEATURE:0cxx_auto_type
    Feature record: CXX_FEATURE:0cxx_binary_literals
    Feature record: CXX_FEATURE:0cxx_constexpr
    Feature record: CXX_FEATURE:0cxx_contextual_conversions
    Feature record: CXX_FEATURE:0cxx_decltype
    Feature record: CXX_FEATURE:0cxx_decltype_auto
    Feature record: CXX_FEATURE:0cxx_decltype_incomplete_return_types
    Feature record: CXX_FEATURE:0cxx_default_function_template_args
    Feature record: CXX_FEATURE:0cxx_defaulted_functions
    Feature record: CXX_FEATURE:0cxx_defaulted_move_initializers
    Feature record: CXX_FEATURE:0cxx_delegating_constructors
    Feature record: CXX_FEATURE:0cxx_deleted_functions
    Feature record: CXX_FEATURE:0cxx_digit_separators
    Feature record: CXX_FEATURE:0cxx_enum_forward_declarations
    Feature record: CXX_FEATURE:0cxx_explicit_conversions
    Feature record: CXX_FEATURE:0cxx_extended_friend_declarations
    Feature record: CXX_FEATURE:0cxx_extern_templates
    Feature record: CXX_FEATURE:0cxx_final
    Feature record: CXX_FEATURE:0cxx_func_identifier
    Feature record: CXX_FEATURE:0cxx_generalized_initializers
    Feature record: CXX_FEATURE:0cxx_generic_lambdas
    Feature record: CXX_FEATURE:0cxx_inheriting_constructors
    Feature record: CXX_FEATURE:0cxx_inline_namespaces
    Feature record: CXX_FEATURE:0cxx_lambdas
    Feature record: CXX_FEATURE:0cxx_lambda_init_captures
    Feature record: CXX_FEATURE:0cxx_local_type_template_args
    Feature record: CXX_FEATURE:0cxx_long_long_type
    Feature record: CXX_FEATURE:0cxx_noexcept
    Feature record: CXX_FEATURE:0cxx_nonstatic_member_init
    Feature record: CXX_FEATURE:0cxx_nullptr
    Feature record: CXX_FEATURE:0cxx_override
    Feature record: CXX_FEATURE:0cxx_range_for
    Feature record: CXX_FEATURE:0cxx_raw_string_literals
    Feature record: CXX_FEATURE:0cxx_reference_qualified_functions
    Feature record: CXX_FEATURE:0cxx_relaxed_constexpr
    Feature record: CXX_FEATURE:0cxx_return_type_deduction
    Feature record: CXX_FEATURE:0cxx_right_angle_brackets
    Feature record: CXX_FEATURE:0cxx_rvalue_references
    Feature record: CXX_FEATURE:0cxx_sizeof_member
    Feature record: CXX_FEATURE:0cxx_static_assert
    Feature record: CXX_FEATURE:0cxx_strong_enums
    Feature record: CXX_FEATURE:1cxx_template_template_parameters
    Feature record: CXX_FEATURE:0cxx_thread_local
    Feature record: CXX_FEATURE:0cxx_trailing_return_types
    Feature record: CXX_FEATURE:0cxx_unicode_literals
    Feature record: CXX_FEATURE:0cxx_uniform_initialization
    Feature record: CXX_FEATURE:0cxx_unrestricted_unions
    Feature record: CXX_FEATURE:0cxx_user_literals
    Feature record: CXX_FEATURE:0cxx_variable_templates
    Feature record: CXX_FEATURE:0cxx_variadic_macros
    Feature record: CXX_FEATURE:0cxx_variadic_templates
Performing C++ SOURCE FILE Test GSL_BUILD_TEST succeeded with the following output:
Change Dir: /Share/home/yli/Thunder/THUEM-refactor/Release/CMakeFiles/CMakeTmp

Run Build Command:"/usr/bin/gmake" "cmTC_6ccfa/fast"
/usr/bin/gmake -f CMakeFiles/cmTC_6ccfa.dir/build.make CMakeFiles/cmTC_6ccfa.dir/build
gmake[1]: Entering directory `/Share/home/yli/Thunder/THUEM-refactor/Release/CMakeFiles/CMakeTmp'
Building CXX object CMakeFiles/cmTC_6ccfa.dir/src.cxx.o
/Share/system/openmpi-185/bin/mpicxx   -I/Share/program/gsl/include  -Wall -Wno-uninitialized -Wno-deprecated-declarations -Wsign-compare -pthread  -DGSL_BUILD_TEST   -o CMakeFiles/cmTC_6ccfa.dir/src.cxx.o -c /Share/home/yli/Thunder/THUEM-refactor/Release/CMakeFiles/CMakeTmp/src.cxx
/Share/home/yli/Thunder/THUEM-refactor/Release/CMakeFiles/CMakeTmp/src.cxx: In function ‘int main()’:
/Share/home/yli/Thunder/THUEM-refactor/Release/CMakeFiles/CMakeTmp/src.cxx:7: warning: unused variable ‘A’
Linking CXX executable cmTC_6ccfa
/Share/home/yli/cmake/cmake-3.9.3/bin/cmake -E cmake_link_script CMakeFiles/cmTC_6ccfa.dir/link.txt --verbose=1
/Share/system/openmpi-185/bin/mpicxx  -Wall -Wno-uninitialized -Wno-deprecated-declarations -Wsign-compare -pthread  -DGSL_BUILD_TEST    -rdynamic CMakeFiles/cmTC_6ccfa.dir/src.cxx.o  -o cmTC_6ccfa -Wl,-rpath,/Share/home/yli/personSys/lib /Share/home/yli/personSys/lib/libgsl.so /Share/home/yli/personSys/lib/libgslcblas.so /usr/lib64/libm.so 
gmake[1]: Leaving directory `/Share/home/yli/Thunder/THUEM-refactor/Release/CMakeFiles/CMakeTmp'

Source file was:

      #include <gsl/gsl_linalg.h> // Contrib for GSL library
      #include <gsl/gsl_math.h>
      #include <gsl/gsl_eigen.h>
     int main()
      {
        gsl_matrix *A = gsl_matrix_alloc(6, 6) ;
      }
      
Performing C++ SOURCE FILE Test HAS_OPENMP succeeded with the following output:
Change Dir: /Share/home/yli/Thunder/THUEM-refactor/Release/CMakeFiles/CMakeTmp

Run Build Command:"/usr/bin/gmake" "cmTC_8c597/fast"
/usr/bin/gmake -f CMakeFiles/cmTC_8c597.dir/build.make CMakeFiles/cmTC_8c597.dir/build
gmake[1]: Entering directory `/Share/home/yli/Thunder/THUEM-refactor/Release/CMakeFiles/CMakeTmp'
Building CXX object CMakeFiles/cmTC_8c597.dir/src.cxx.o
/Share/system/openmpi-185/bin/mpicxx   -I/Share/program/gsl/include  -Wall -Wno-uninitialized -Wno-deprecated-declarations -Wsign-compare -pthread  -DHAS_OPENMP   -fopenmp -o CMakeFiles/cmTC_8c597.dir/src.cxx.o -c /Share/home/yli/Thunder/THUEM-refactor/Release/CMakeFiles/CMakeTmp/src.cxx
Linking CXX executable cmTC_8c597
/Share/home/yli/cmake/cmake-3.9.3/bin/cmake -E cmake_link_script CMakeFiles/cmTC_8c597.dir/link.txt --verbose=1
/Share/system/openmpi-185/bin/mpicxx  -Wall -Wno-uninitialized -Wno-deprecated-declarations -Wsign-compare -pthread  -DHAS_OPENMP    -rdynamic CMakeFiles/cmTC_8c597.dir/src.cxx.o  -o cmTC_8c597 -Wl,-rpath,/Share/home/yli/personSys/lib /Share/home/yli/personSys/lib/libgsl.so /Share/home/yli/personSys/lib/libgslcblas.so /usr/lib64/libm.so 
gmake[1]: Leaving directory `/Share/home/yli/Thunder/THUEM-refactor/Release/CMakeFiles/CMakeTmp'

Source file was:
int main() { return 0; }
